<?xml version="1.0" encoding="UTF-8"?>
<!-- Generated by org.testng.reporters.JUnitReportReporter -->
<testsuite skipped="0" hostname="IBM472-R90HR3JC" name="tests.LoginTests" tests="1" failures="0" timestamp="19 Jan 2018 17:55:41 GMT" time="3.349" errors="0">
  <testcase name="validLoginTest_ValidUserName_ValidPassword" time="3.349" classname="tests.LoginTests"/>
</testsuite> <!-- tests.LoginTests -->
