<?xml version="1.0" encoding="UTF-8"?>
<!-- Generated by org.testng.reporters.JUnitReportReporter -->
<testsuite skipped="0" hostname="IBM472-R90HR3JC" name="tests.LoginTests" tests="1" failures="0" timestamp="19 Jan 2018 21:13:07 GMT" time="7.323" errors="0">
  <testcase name="validLoginTest_ValidUserName_ValidPassword" time="7.323" classname="tests.LoginTests"/>
</testsuite> <!-- tests.LoginTests -->
